# JRE version: OpenJDK Runtime Environment (21.0.10) (build 21.0.10+-14961533-b1163.108)
# Java VM: OpenJDK 64-Bit Server VM (21.0.10+-14961533-b1163.108, mixed mode, tiered, compressed oops, compressed class ptrs, g1 gc, windows-amd64)
GC Precious Log:
 CardTable entry size: 512
 Card Set container configuration: InlinePtr #cards 5 size 8 Array Of Cards #cards 12 size 40 Howl #buckets 4 coarsen threshold 1843 Howl Bitmap #cards 512 size 80 coarsen threshold 460 Card regions per heap region 1 cards per card region 2048
 CPUs: 8 total, 8 available
 Memory: 16050M
 Large Page Support: Disabled
 NUMA Support: Disabled
 Compressed Oops: Enabled (32-bit)
 Heap Region Size: 1M
 Heap Min Capacity: 8M
 Heap Initial Capacity: 252M
 Heap Max Capacity: 2G
 Pre-touch: Disabled
 Parallel Workers: 8
 Concurrent Workers: 2
 Concurrent Refinement Workers: 8
 Periodic GC: Disabled
Heap:
 garbage-first heap   total 214016K, used 128069K [0x0000000080000000, 0x0000000100000000)
  region size 1024K, 39 young (39936K), 10 survivors (10240K)
 Metaspace       used 110260K, committed 112576K, reserved 1179648K
  class space    used 15694K, committed 16832K, reserved 1048576K
GC Heap History (20 events):
Event: 13.500 GC heap before
{Heap before GC invocations=30 (full 0):
 garbage-first heap   total 178176K, used 153654K [0x0000000080000000, 0x0000000100000000)
  region size 1024K, 104 young (106496K), 5 survivors (5120K)
 Metaspace       used 71282K, committed 73216K, reserved 1114112K
  class space    used 10160K, committed 11072K, reserved 1048576K
}
Event: 13.504 GC heap after
{Heap after GC invocations=31 (full 0):
 garbage-first heap   total 178176K, used 54602K [0x0000000080000000, 0x0000000100000000)
  region size 1024K, 6 young (6144K), 6 survivors (6144K)
 Metaspace       used 71282K, committed 73216K, reserved 1114112K
  class space    used 10160K, committed 11072K, reserved 1048576K
}
Event: 13.810 GC heap before
{Heap before GC invocations=31 (full 0):
 garbage-first heap   total 178176K, used 144714K [0x0000000080000000, 0x0000000100000000)
  region size 1024K, 94 young (96256K), 6 survivors (6144K)
 Metaspace       used 71656K, committed 73600K, reserved 1114112K
  class space    used 10211K, committed 11136K, reserved 1048576K
}
Event: 13.816 GC heap after
{Heap after GC invocations=32 (full 0):
 garbage-first heap   total 178176K, used 60350K [0x0000000080000000, 0x0000000100000000)
  region size 1024K, 9 young (9216K), 9 survivors (9216K)
 Metaspace       used 71656K, committed 73600K, reserved 1114112K
  class space    used 10211K, committed 11136K, reserved 1048576K
}
Event: 13.822 GC heap before
{Heap before GC invocations=32 (full 0):
 garbage-first heap   total 178176K, used 62398K [0x0000000080000000, 0x0000000100000000)
  region size 1024K, 10 young (10240K), 9 survivors (9216K)
 Metaspace       used 71656K, committed 73600K, reserved 1114112K
  class space    used 10211K, committed 11136K, reserved 1048576K
}
Event: 13.828 GC heap after
{Heap after GC invocations=33 (full 0):
 garbage-first heap   total 214016K, used 63025K [0x0000000080000000, 0x0000000100000000)
  region size 1024K, 8 young (8192K), 8 survivors (8192K)
 Metaspace       used 71656K, committed 73600K, reserved 1114112K
  class space    used 10211K, committed 11136K, reserved 1048576K
}
Event: 13.860 GC heap before
{Heap before GC invocations=33 (full 0):
 garbage-first heap   total 214016K, used 67121K [0x0000000080000000, 0x0000000100000000)
  region size 1024K, 12 young (12288K), 8 survivors (8192K)
 Metaspace       used 71656K, committed 73600K, reserved 1114112K
  class space    used 10211K, committed 11136K, reserved 1048576K
}
Event: 13.866 GC heap after
{Heap after GC invocations=34 (full 0):
 garbage-first heap   total 214016K, used 65579K [0x0000000080000000, 0x0000000100000000)
  region size 1024K, 10 young (10240K), 10 survivors (10240K)
 Metaspace       used 71656K, committed 73600K, reserved 1114112K
  class space    used 10211K, committed 11136K, reserved 1048576K
}
Event: 15.034 GC heap before
{Heap before GC invocations=35 (full 0):
 garbage-first heap   total 214016K, used 154667K [0x0000000080000000, 0x0000000100000000)
  region size 1024K, 94 young (96256K), 10 survivors (10240K)
 Metaspace       used 78126K, committed 80128K, reserved 1179648K
  class space    used 11010K, committed 11968K, reserved 1048576K
}
Event: 15.045 GC heap after
{Heap after GC invocations=36 (full 0):
 garbage-first heap   total 214016K, used 72784K [0x0000000080000000, 0x0000000100000000)
  region size 1024K, 11 young (11264K), 11 survivors (11264K)
 Metaspace       used 78126K, committed 80128K, reserved 1179648K
  class space    used 11010K, committed 11968K, reserved 1048576K
}
Event: 16.426 GC heap before
{Heap before GC invocations=36 (full 0):
 garbage-first heap   total 214016K, used 168016K [0x0000000080000000, 0x0000000100000000)
  region size 1024K, 97 young (99328K), 11 survivors (11264K)
 Metaspace       used 85711K, committed 87808K, reserved 1179648K
  class space    used 12062K, committed 13056K, reserved 1048576K
}
Event: 16.447 GC heap after
{Heap after GC invocations=37 (full 0):
 garbage-first heap   total 214016K, used 82025K [0x0000000080000000, 0x0000000100000000)
  region size 1024K, 13 young (13312K), 13 survivors (13312K)
 Metaspace       used 85711K, committed 87808K, reserved 1179648K
  class space    used 12062K, committed 13056K, reserved 1048576K
}
Event: 17.584 GC heap before
{Heap before GC invocations=37 (full 0):
 garbage-first heap   total 214016K, used 169065K [0x0000000080000000, 0x0000000100000000)
  region size 1024K, 98 young (100352K), 13 survivors (13312K)
 Metaspace       used 91242K, committed 93376K, reserved 1179648K
  class space    used 12775K, committed 13824K, reserved 1048576K
}
Event: 17.596 GC heap after
{Heap after GC invocations=38 (full 0):
 garbage-first heap   total 214016K, used 87680K [0x0000000080000000, 0x0000000100000000)
  region size 1024K, 5 young (5120K), 5 survivors (5120K)
 Metaspace       used 91242K, committed 93376K, reserved 1179648K
  class space    used 12775K, committed 13824K, reserved 1048576K
}
Event: 18.583 GC heap before
{Heap before GC invocations=39 (full 0):
 garbage-first heap   total 214016K, used 175744K [0x0000000080000000, 0x0000000100000000)
  region size 1024K, 91 young (93184K), 5 survivors (5120K)
 Metaspace       used 97183K, committed 99328K, reserved 1179648K
  class space    used 13756K, committed 14784K, reserved 1048576K
}
Event: 18.591 GC heap after
{Heap after GC invocations=40 (full 0):
 garbage-first heap   total 214016K, used 90162K [0x0000000080000000, 0x0000000100000000)
  region size 1024K, 7 young (7168K), 7 survivors (7168K)
 Metaspace       used 97183K, committed 99328K, reserved 1179648K
  class space    used 13756K, committed 14784K, reserved 1048576K
}
Event: 20.506 GC heap before
{Heap before GC invocations=40 (full 0):
 garbage-first heap   total 214016K, used 181298K [0x0000000080000000, 0x0000000100000000)
  region size 1024K, 96 young (98304K), 7 survivors (7168K)
 Metaspace       used 103568K, committed 105920K, reserved 1179648K
  class space    used 14756K, committed 15872K, reserved 1048576K
}
Event: 20.527 GC heap after
{Heap after GC invocations=41 (full 0):
 garbage-first heap   total 214016K, used 93955K [0x0000000080000000, 0x0000000100000000)
  region size 1024K, 8 young (8192K), 8 survivors (8192K)
 Metaspace       used 103568K, committed 105920K, reserved 1179648K
  class space    used 14756K, committed 15872K, reserved 1048576K
}
Event: 21.969 GC heap before
{Heap before GC invocations=41 (full 0):
 garbage-first heap   total 214016K, used 185091K [0x0000000080000000, 0x0000000100000000)
  region size 1024K, 97 young (99328K), 8 survivors (8192K)
 Metaspace       used 110180K, committed 112512K, reserved 1179648K
  class space    used 15689K, committed 16832K, reserved 1048576K
}
Event: 21.980 GC heap after
{Heap after GC invocations=42 (full 0):
 garbage-first heap   total 214016K, used 99397K [0x0000000080000000, 0x0000000100000000)
  region size 1024K, 10 young (10240K), 10 survivors (10240K)
 Metaspace       used 110180K, committed 112512K, reserved 1179648K
  class space    used 15689K, committed 16832K, reserved 1048576K
}

