# JRE version: OpenJDK Runtime Environment (21.0.10) (build 21.0.10+-14961533-b1163.108)
# Java VM: OpenJDK 64-Bit Server VM (21.0.10+-14961533-b1163.108, mixed mode, tiered, compressed oops, compressed class ptrs, g1 gc, windows-amd64)
GC Precious Log:
 CardTable entry size: 512
 Card Set container configuration: InlinePtr #cards 5 size 8 Array Of Cards #cards 12 size 40 Howl #buckets 4 coarsen threshold 1843 Howl Bitmap #cards 512 size 80 coarsen threshold 460 Card regions per heap region 1 cards per card region 2048
 CPUs: 8 total, 8 available
 Memory: 16050M
 Large Page Support: Disabled
 NUMA Support: Disabled
 Compressed Oops: Enabled (32-bit)
 Heap Region Size: 1M
 Heap Min Capacity: 8M
 Heap Initial Capacity: 252M
 Heap Max Capacity: 2G
 Pre-touch: Disabled
 Parallel Workers: 8
 Concurrent Workers: 2
 Concurrent Refinement Workers: 8
 Periodic GC: Disabled
Heap:
 garbage-first heap   total 264192K, used 115892K [0x0000000080000000, 0x0000000100000000)
  region size 1024K, 4 young (4096K), 4 survivors (4096K)
 Metaspace       used 122459K, committed 124864K, reserved 1179648K
  class space    used 17364K, committed 18560K, reserved 1048576K
GC Heap History (20 events):
Event: 20.992 GC heap after
{Heap after GC invocations=37 (full 0):
 garbage-first heap   total 183296K, used 92129K [0x0000000080000000, 0x0000000100000000)
  region size 1024K, 8 young (8192K), 8 survivors (8192K)
 Metaspace       used 101370K, committed 103488K, reserved 1179648K
  class space    used 14272K, committed 15296K, reserved 1048576K
}
Event: 22.116 GC heap before
{Heap before GC invocations=37 (full 0):
 garbage-first heap   total 183296K, used 169953K [0x0000000080000000, 0x0000000100000000)
  region size 1024K, 84 young (86016K), 8 survivors (8192K)
 Metaspace       used 106668K, committed 108864K, reserved 1179648K
  class space    used 15149K, committed 16256K, reserved 1048576K
}
Event: 22.123 GC heap after
{Heap after GC invocations=38 (full 0):
 garbage-first heap   total 183296K, used 94949K [0x0000000080000000, 0x0000000100000000)
  region size 1024K, 6 young (6144K), 6 survivors (6144K)
 Metaspace       used 106668K, committed 108864K, reserved 1179648K
  class space    used 15149K, committed 16256K, reserved 1048576K
}
Event: 23.666 GC heap before
{Heap before GC invocations=39 (full 0):
 garbage-first heap   total 183296K, used 170725K [0x0000000080000000, 0x0000000100000000)
  region size 1024K, 80 young (81920K), 6 survivors (6144K)
 Metaspace       used 111852K, committed 114176K, reserved 1179648K
  class space    used 15986K, committed 17152K, reserved 1048576K
}
Event: 23.684 GC heap after
{Heap after GC invocations=40 (full 0):
 garbage-first heap   total 183296K, used 98717K [0x0000000080000000, 0x0000000100000000)
  region size 1024K, 7 young (7168K), 7 survivors (7168K)
 Metaspace       used 111852K, committed 114176K, reserved 1179648K
  class space    used 15986K, committed 17152K, reserved 1048576K
}
Event: 24.581 GC heap before
{Heap before GC invocations=40 (full 0):
 garbage-first heap   total 183296K, used 172445K [0x0000000080000000, 0x0000000100000000)
  region size 1024K, 79 young (80896K), 7 survivors (7168K)
 Metaspace       used 115640K, committed 117952K, reserved 1179648K
  class space    used 16471K, committed 17600K, reserved 1048576K
}
Event: 24.595 GC heap after
{Heap after GC invocations=41 (full 0):
 garbage-first heap   total 187392K, used 104694K [0x0000000080000000, 0x0000000100000000)
  region size 1024K, 10 young (10240K), 10 survivors (10240K)
 Metaspace       used 115640K, committed 117952K, reserved 1179648K
  class space    used 16471K, committed 17600K, reserved 1048576K
}
Event: 25.158 GC heap before
{Heap before GC invocations=41 (full 0):
 garbage-first heap   total 187392K, used 145654K [0x0000000080000000, 0x0000000100000000)
  region size 1024K, 52 young (53248K), 10 survivors (10240K)
 Metaspace       used 117784K, committed 120064K, reserved 1179648K
  class space    used 16867K, committed 17984K, reserved 1048576K
}
Event: 25.173 GC heap after
{Heap after GC invocations=42 (full 0):
 garbage-first heap   total 187392K, used 112214K [0x0000000080000000, 0x0000000100000000)
  region size 1024K, 7 young (7168K), 7 survivors (7168K)
 Metaspace       used 117784K, committed 120064K, reserved 1179648K
  class space    used 16867K, committed 17984K, reserved 1048576K
}
Event: 26.171 GC heap before
{Heap before GC invocations=43 (full 0):
 garbage-first heap   total 194560K, used 172630K [0x0000000080000000, 0x0000000100000000)
  region size 1024K, 63 young (64512K), 7 survivors (7168K)
 Metaspace       used 121175K, committed 123520K, reserved 1179648K
  class space    used 17197K, committed 18304K, reserved 1048576K
}
Event: 26.179 GC heap after
{Heap after GC invocations=44 (full 0):
 garbage-first heap   total 194560K, used 113228K [0x0000000080000000, 0x0000000100000000)
  region size 1024K, 3 young (3072K), 3 survivors (3072K)
 Metaspace       used 121175K, committed 123520K, reserved 1179648K
  class space    used 17197K, committed 18304K, reserved 1048576K
}
Event: 26.321 GC heap before
{Heap before GC invocations=44 (full 0):
 garbage-first heap   total 194560K, used 176716K [0x0000000080000000, 0x0000000100000000)
  region size 1024K, 66 young (67584K), 3 survivors (3072K)
 Metaspace       used 121194K, committed 123520K, reserved 1179648K
  class space    used 17197K, committed 18304K, reserved 1048576K
}
Event: 26.327 GC heap after
{Heap after GC invocations=45 (full 0):
 garbage-first heap   total 194560K, used 114301K [0x0000000080000000, 0x0000000100000000)
  region size 1024K, 4 young (4096K), 4 survivors (4096K)
 Metaspace       used 121194K, committed 123520K, reserved 1179648K
  class space    used 17197K, committed 18304K, reserved 1048576K
}
Event: 26.523 GC heap before
{Heap before GC invocations=45 (full 0):
 garbage-first heap   total 194560K, used 179837K [0x0000000080000000, 0x0000000100000000)
  region size 1024K, 68 young (69632K), 4 survivors (4096K)
 Metaspace       used 121859K, committed 124160K, reserved 1179648K
  class space    used 17288K, committed 18432K, reserved 1048576K
}
Event: 26.528 GC heap after
{Heap after GC invocations=46 (full 0):
 garbage-first heap   total 194560K, used 115100K [0x0000000080000000, 0x0000000100000000)
  region size 1024K, 5 young (5120K), 5 survivors (5120K)
 Metaspace       used 121859K, committed 124160K, reserved 1179648K
  class space    used 17288K, committed 18432K, reserved 1048576K
}
Event: 26.823 GC heap before
{Heap before GC invocations=47 (full 0):
 garbage-first heap   total 194560K, used 182684K [0x0000000080000000, 0x0000000100000000)
  region size 1024K, 71 young (72704K), 5 survivors (5120K)
 Metaspace       used 122223K, committed 124608K, reserved 1179648K
  class space    used 17332K, committed 18496K, reserved 1048576K
}
Event: 26.829 GC heap after
{Heap after GC invocations=48 (full 0):
 garbage-first heap   total 194560K, used 115678K [0x0000000080000000, 0x0000000100000000)
  region size 1024K, 5 young (5120K), 5 survivors (5120K)
 Metaspace       used 122223K, committed 124608K, reserved 1179648K
  class space    used 17332K, committed 18496K, reserved 1048576K
}
Event: 26.951 GC heap before
{Heap before GC invocations=48 (full 0):
 garbage-first heap   total 194560K, used 184286K [0x0000000080000000, 0x0000000100000000)
  region size 1024K, 72 young (73728K), 5 survivors (5120K)
 Metaspace       used 122223K, committed 124608K, reserved 1179648K
  class space    used 17332K, committed 18496K, reserved 1048576K
}
Event: 26.958 GC heap after
{Heap after GC invocations=49 (full 0):
 garbage-first heap   total 194560K, used 115093K [0x0000000080000000, 0x0000000100000000)
  region size 1024K, 4 young (4096K), 4 survivors (4096K)
 Metaspace       used 122223K, committed 124608K, reserved 1179648K
  class space    used 17332K, committed 18496K, reserved 1048576K
}
Event: 27.185 GC heap before
{Heap before GC invocations=49 (full 0):
 garbage-first heap   total 194560K, used 182677K [0x0000000080000000, 0x0000000100000000)
  region size 1024K, 70 young (71680K), 4 survivors (4096K)
 Metaspace       used 122459K, committed 124864K, reserved 1179648K
  class space    used 17364K, committed 18560K, reserved 1048576K
}

